\BOOKMARK [1][-]{section.1}{Introduction}{}% 1
\BOOKMARK [2][-]{subsection.1.1}{Regulation of cell functions and Epigenetics}{section.1}% 2
\BOOKMARK [2][-]{subsection.1.2}{Human endogenous retroviruses}{section.1}% 3
\BOOKMARK [2][-]{subsection.1.3}{Effect network analysis}{section.1}% 4
\BOOKMARK [1][-]{section.2}{Data}{}% 5
\BOOKMARK [2][-]{subsection.2.1}{hERV annotation}{section.2}% 6
\BOOKMARK [2][-]{subsection.2.2}{KORA}{section.2}% 7
\BOOKMARK [3][-]{subsubsection.2.2.1}{Expression}{subsection.2.2}% 8
\BOOKMARK [3][-]{subsubsection.2.2.2}{Methylation}{subsection.2.2}% 9
\BOOKMARK [3][-]{subsubsection.2.2.3}{Genotypes}{subsection.2.2}% 10
\BOOKMARK [3][-]{subsubsection.2.2.4}{Covariates}{subsection.2.2}% 11
\BOOKMARK [3][-]{subsubsection.2.2.5}{Methylation quantitative trait loci}{subsection.2.2}% 12
\BOOKMARK [2][-]{subsection.2.3}{Transcription factor binding}{section.2}% 13
\BOOKMARK [2][-]{subsection.2.4}{chromHMM}{section.2}% 14
\BOOKMARK [1][-]{section.3}{Methods}{}% 15
\BOOKMARK [2][-]{subsection.3.1}{Overlaps}{section.3}% 16
\BOOKMARK [2][-]{subsection.3.2}{Data normalization}{section.3}% 17
\BOOKMARK [2][-]{subsection.3.3}{eQTL/eQTM calculation}{section.3}% 18
\BOOKMARK [2][-]{subsection.3.4}{Functional Analysis of Gene Sets}{section.3}% 19
\BOOKMARK [2][-]{subsection.3.5}{Gaussian Graphical Models}{section.3}% 20
\BOOKMARK [1][-]{section.4}{Results}{}% 21
\BOOKMARK [2][-]{subsection.4.1}{Normalized Data}{section.4}% 22
\BOOKMARK [2][-]{subsection.4.2}{hERV region features}{section.4}% 23
\BOOKMARK [3][-]{subsubsection.4.2.1}{Expression}{subsection.4.2}% 24
\BOOKMARK [3][-]{subsubsection.4.2.2}{Methylation}{subsection.4.2}% 25
\BOOKMARK [3][-]{subsubsection.4.2.3}{Genotypes}{subsection.4.2}% 26
\BOOKMARK [3][-]{subsubsection.4.2.4}{Chromatin states}{subsection.4.2}% 27
\BOOKMARK [2][-]{subsection.4.3}{eQTLs}{section.4}% 28
\BOOKMARK [2][-]{subsection.4.4}{eQTMs}{section.4}% 29
\BOOKMARK [2][-]{subsection.4.5}{hERV realated regulatory networks}{section.4}% 30
\BOOKMARK [1][-]{section.5}{Discussion}{}% 31
\BOOKMARK [1][-]{section.6}{Conclusion}{}% 32
